<?xml version="1.0" encoding="UTF-8"?>
<testsuite name="lab0.Lab1Test" tests="9" skipped="0" failures="0" errors="0" timestamp="2022-10-03T21:41:24" hostname="ZXC" time="0.034">
  <properties/>
  <testcase name="employeeEqualsTest[0](Oleg | 2100.0 | Holovna, 195 | 0990000000 | true, Oleg | 2100.0 | Holovna, 195 | 0990000000 | true)" classname="lab0.Lab1Test" time="0.01"/>
  <testcase name="employeeNotEqualsTest[0](Oleg | 2100.0 | Holovna, 195 | 0990000000 | true, John | 3200.8 |   |   | false)" classname="lab0.Lab1Test" time="0.001"/>
  <testcase name="employeeToStringTest[0](Oleg | 2100.0 | Holovna, 195 | 0990000000 | true, Oleg | 2100.0 | Holovna, 195 | 0990000000 | true)" classname="lab0.Lab1Test" time="0.001"/>
  <testcase name="productEqualsTest[0](Wiskas | 1 | Wiskas | 30.99 | Cat food | Supplier:&#10;Supplier #1 | Universitetska,20 | Contact person: &#10;Oleg | 2100.0 | Holovna, 195 | 0990000000 | true, Wiskas | 1 | Wiskas | 30.99 | Cat food | Supplier:&#10;none | none | Contact person: &#10;none | 0.0 |   |   | false)" classname="lab0.Lab1Test" time="0.007"/>
  <testcase name="productNotEqualsTest[0](Wiskas | 1 | Wiskas | 30.99 | Cat food | Supplier:&#10;Supplier #1 | Universitetska,20 | Contact person: &#10;Oleg | 2100.0 | Holovna, 195 | 0990000000 | true, Pedigree | 2 | Pedigree | 360.0 | Dog food | Supplier:&#10;none | none | Contact person: &#10;none | 0.0 |   |   | false)" classname="lab0.Lab1Test" time="0.001"/>
  <testcase name="productToStringTest[0](Wiskas | 1 | Wiskas | 30.99 | Cat food | Supplier:&#10;Supplier #1 | Universitetska,20 | Contact person: &#10;Oleg | 2100.0 | Holovna, 195 | 0990000000 | true, Wiskas | 1 | Wiskas | 30.99 | Cat food | Supplier:&#10;Supplier #1 | Universitetska,20 | Contact person: &#10;Oleg | 2100.0 | Holovna, 195 | 0990000000 | true)" classname="lab0.Lab1Test" time="0.001"/>
  <testcase name="supplierEqualsTest[0](Supplier #1 | Universitetska,20 | Contact person: &#10;Oleg | 2100.0 | Holovna, 195 | 0990000000 | true, Supplier #1 | Universitetska,20 | Contact person: &#10;Oleg | 2100.0 | Holovna, 195 | 0990000000 | true)" classname="lab0.Lab1Test" time="0.001"/>
  <testcase name="supplierNotEqualsTest[0](Supplier #1 | Universitetska,20 | Contact person: &#10;Oleg | 2100.0 | Holovna, 195 | 0990000000 | true, Supplier #2 | Nezalezhnosti, 147 | Contact person: &#10;none | 0.0 |   |   | false)" classname="lab0.Lab1Test" time="0.001"/>
  <testcase name="supplierToStringTest[0](Supplier #1 | Universitetska,20 | Contact person: &#10;Oleg | 2100.0 | Holovna, 195 | 0990000000 | true, Supplier #1 | Universitetska,20 | Contact person: &#10;Oleg | 2100.0 | Holovna, 195 | 0990000000 | true)" classname="lab0.Lab1Test" time="0.0"/>
  <system-out><![CDATA[]]></system-out>
  <system-err><![CDATA[]]></system-err>
</testsuite>
